TN:
SF:src\modules\appointments\services\CreateAppointmentService.ts
FN:18,CreateAppointmentService
FN:24,Object.<anonymous>.CreateAppointmentService.execute
FNF:2
FNH:2
FNDA:2,CreateAppointmentService
FNDA:3,Object.<anonymous>.CreateAppointmentService.execute
DA:1,1
DA:2,1
DA:3,1
DA:4,1
DA:5,1
DA:6,1
DA:7,1
DA:8,1
DA:9,1
DA:10,1
DA:11,1
DA:12,1
DA:13,1
DA:14,1
DA:15,1
DA:16,1
DA:17,1
DA:18,1
DA:19,2
DA:20,2
DA:21,2
DA:22,2
DA:23,1
DA:24,1
DA:25,3
DA:26,3
DA:27,3
DA:28,3
DA:29,3
DA:30,3
DA:31,3
DA:32,3
DA:33,1
DA:34,1
DA:35,2
DA:36,2
DA:37,2
DA:38,2
DA:39,2
DA:40,2
DA:41,3
DA:42,3
DA:43,3
DA:44,3
DA:45,1
DA:46,1
DA:47,1
LF:47
LH:47
BRDA:16,0,0,1
BRDA:18,1,0,2
BRDA:24,2,0,3
BRDA:32,3,0,1
BRDA:35,4,0,2
BRF:5
BRH:5
end_of_record
TN:
SF:src\modules\users\services\AuthenticateUserService.ts
FN:25,AuthenticateUserService
FN:35,Object.<anonymous>.AuthenticateUserService.execute
FNF:2
FNH:2
FNDA:3,AuthenticateUserService
FNDA:3,Object.<anonymous>.AuthenticateUserService.execute
DA:1,1
DA:2,1
DA:3,1
DA:4,1
DA:5,1
DA:6,1
DA:7,1
DA:8,1
DA:9,1
DA:10,1
DA:11,1
DA:12,1
DA:13,1
DA:14,1
DA:15,1
DA:16,1
DA:17,1
DA:18,1
DA:19,1
DA:20,1
DA:21,1
DA:22,1
DA:23,1
DA:24,1
DA:25,1
DA:26,3
DA:27,3
DA:28,3
DA:29,3
DA:30,3
DA:31,3
DA:32,3
DA:33,3
DA:34,1
DA:35,1
DA:36,3
DA:37,3
DA:38,3
DA:39,3
DA:40,3
DA:41,1
DA:42,1
DA:43,2
DA:44,2
DA:45,2
DA:46,3
DA:47,1
DA:48,1
DA:49,1
DA:50,1
DA:51,1
DA:52,1
DA:53,1
DA:54,1
DA:55,1
DA:56,1
DA:57,1
DA:58,1
DA:59,1
DA:60,1
DA:61,1
DA:62,3
DA:63,1
DA:64,1
DA:65,1
LF:65
LH:65
BRDA:23,0,0,1
BRDA:25,1,0,3
BRDA:35,2,0,3
BRDA:37,3,0,3
BRDA:40,4,0,1
BRDA:43,5,0,2
BRDA:46,6,0,1
BRF:7
BRH:7
end_of_record
TN:
SF:src\modules\users\services\CreateUserService.ts
FN:19,CreateUserService
FN:29,Object.<anonymous>.CreateUserService.execute
FNF:2
FNH:2
FNDA:4,CreateUserService
FNDA:5,Object.<anonymous>.CreateUserService.execute
DA:1,1
DA:2,1
DA:3,1
DA:4,1
DA:5,1
DA:6,1
DA:7,1
DA:8,1
DA:9,1
DA:10,1
DA:11,1
DA:12,1
DA:13,1
DA:14,1
DA:15,1
DA:16,1
DA:17,2
DA:18,2
DA:19,2
DA:20,4
DA:21,4
DA:22,4
DA:23,4
DA:24,4
DA:25,4
DA:26,4
DA:27,4
DA:28,2
DA:29,2
DA:30,5
DA:31,5
DA:32,5
DA:33,5
DA:34,5
DA:35,1
DA:36,1
DA:37,4
DA:38,4
DA:39,4
DA:40,5
DA:41,5
DA:42,5
DA:43,5
DA:44,5
DA:45,5
DA:46,5
DA:47,5
DA:48,2
DA:49,1
DA:50,1
LF:50
LH:50
BRDA:17,0,0,2
BRDA:19,1,0,4
BRDA:29,2,0,5
BRDA:31,3,0,5
BRDA:34,4,0,1
BRDA:37,5,0,4
BRF:6
BRH:6
end_of_record
TN:
SF:src\modules\users\services\UpdateUserAvatarService.ts
FN:21,UpdateUserAvatarService
FN:30,Object.<anonymous>.UpdateUserAvatarService.execute
FNF:2
FNH:2
FNDA:3,UpdateUserAvatarService
FNDA:4,Object.<anonymous>.UpdateUserAvatarService.execute
DA:1,1
DA:2,1
DA:3,1
DA:4,1
DA:5,1
DA:6,1
DA:7,1
DA:8,1
DA:9,1
DA:10,1
DA:11,1
DA:12,1
DA:13,1
DA:14,1
DA:15,1
DA:16,1
DA:17,1
DA:18,1
DA:19,1
DA:20,1
DA:21,1
DA:22,3
DA:23,3
DA:24,3
DA:25,3
DA:26,3
DA:27,3
DA:28,3
DA:29,1
DA:30,1
DA:31,4
DA:32,4
DA:33,4
DA:34,4
DA:35,4
DA:36,1
DA:37,1
DA:38,3
DA:39,3
DA:40,3
DA:41,1
DA:42,4
DA:43,4
DA:44,4
DA:45,4
DA:46,4
DA:47,4
DA:48,4
DA:49,4
DA:50,4
DA:51,4
DA:52,1
DA:53,1
DA:54,1
LF:54
LH:54
BRDA:19,0,0,1
BRDA:21,1,0,3
BRDA:30,2,0,4
BRDA:32,3,0,4
BRDA:35,4,0,1
BRDA:38,5,0,3
BRDA:40,6,0,2
BRDA:40,7,0,1
BRDA:45,8,0,3
BRF:9
BRH:9
end_of_record
